<?xml version="1.0" encoding="UTF-8"?>
<testng-results skipped="0" failed="0" ignored="0" total="2" passed="2">
  <reporter-output>
  </reporter-output>
  <suite name="Surefire suite" duration-ms="59152" started-at="2022-12-25T17:49:05 IST" finished-at="2022-12-25T17:50:04 IST">
    <groups>
    </groups>
    <test name="Surefire test" duration-ms="59152" started-at="2022-12-25T17:49:05 IST" finished-at="2022-12-25T17:50:04 IST">
      <class name="com.MavenPro.Testcases.FirstTest">
        <test-method status="PASS" signature="firsttest()[pri:0, instance:com.MavenPro.Testcases.FirstTest@67784306]" name="firsttest" duration-ms="42737" started-at="2022-12-25T17:49:05 IST" finished-at="2022-12-25T17:49:48 IST">
          <reporter-output>
          </reporter-output>
        </test-method> <!-- firsttest -->
        <test-method status="PASS" signature="secondtest()[pri:1, instance:com.MavenPro.Testcases.FirstTest@67784306]" name="secondtest" duration-ms="16360" started-at="2022-12-25T17:49:48 IST" finished-at="2022-12-25T17:50:04 IST">
          <reporter-output>
          </reporter-output>
        </test-method> <!-- secondtest -->
      </class> <!-- com.MavenPro.Testcases.FirstTest -->
    </test> <!-- Surefire test -->
  </suite> <!-- Surefire suite -->
</testng-results>
