<?xml version="1.0" encoding="UTF-8"?>
<testng-results skipped="0" failed="0" ignored="0" total="2" passed="2">
  <reporter-output>
  </reporter-output>
  <suite name="Default suite" duration-ms="25344" started-at="2022-12-25T10:25:02 IST" finished-at="2022-12-25T10:25:28 IST">
    <groups>
    </groups>
    <test name="Default test" duration-ms="25344" started-at="2022-12-25T10:25:02 IST" finished-at="2022-12-25T10:25:28 IST">
      <class name="com.MavenPro.Testcases.FirstTest">
        <test-method status="PASS" signature="firsttest()[pri:0, instance:com.MavenPro.Testcases.FirstTest@2173f6d9]" name="firsttest" duration-ms="15911" started-at="2022-12-25T10:25:02 IST" finished-at="2022-12-25T10:25:18 IST">
          <reporter-output>
          </reporter-output>
        </test-method> <!-- firsttest -->
        <test-method status="PASS" signature="secondtest()[pri:1, instance:com.MavenPro.Testcases.FirstTest@2173f6d9]" name="secondtest" duration-ms="9375" started-at="2022-12-25T10:25:18 IST" finished-at="2022-12-25T10:25:28 IST">
          <reporter-output>
          </reporter-output>
        </test-method> <!-- secondtest -->
      </class> <!-- com.MavenPro.Testcases.FirstTest -->
    </test> <!-- Default test -->
  </suite> <!-- Default suite -->
</testng-results>
